c:\users\key\desktop\consolepong\consolepong\x64\debug\consolepong.pch
c:\users\key\desktop\consolepong\consolepong\x64\debug\vc141.pdb
c:\users\key\desktop\consolepong\consolepong\x64\debug\vc141.idb
c:\users\key\desktop\consolepong\consolepong\x64\debug\stdafx.obj
c:\users\key\desktop\consolepong\consolepong\x64\debug\paddle.obj
c:\users\key\desktop\consolepong\consolepong\x64\debug\gamemanager.obj
c:\users\key\desktop\consolepong\consolepong\x64\debug\consolepong.obj
c:\users\key\desktop\consolepong\consolepong\x64\debug\ball.obj
c:\users\key\desktop\consolepong\x64\debug\consolepong.exe
c:\users\key\desktop\consolepong\x64\debug\consolepong.ilk
c:\users\key\desktop\consolepong\x64\debug\consolepong.pdb
c:\users\key\desktop\consolepong\consolepong\x64\debug\consolepong.res
c:\users\key\desktop\consolepong\consolepong\x64\debug\consolepong.new.obj.enc
c:\users\key\desktop\consolepong\consolepong\x64\debug\gamemanager.obj.enc
c:\users\key\desktop\consolepong\consolepong\x64\debug\consolepong.tlog\cl.command.1.tlog
c:\users\key\desktop\consolepong\consolepong\x64\debug\consolepong.tlog\cl.read.1.tlog
c:\users\key\desktop\consolepong\consolepong\x64\debug\consolepong.tlog\cl.write.1.tlog
c:\users\key\desktop\consolepong\consolepong\x64\debug\consolepong.tlog\link.command.1.tlog
c:\users\key\desktop\consolepong\consolepong\x64\debug\consolepong.tlog\link.read.1.tlog
c:\users\key\desktop\consolepong\consolepong\x64\debug\consolepong.tlog\link.write.1.tlog
c:\users\key\desktop\consolepong\consolepong\x64\debug\consolepong.tlog\rc.command.1.tlog
c:\users\key\desktop\consolepong\consolepong\x64\debug\consolepong.tlog\rc.read.1.tlog
c:\users\key\desktop\consolepong\consolepong\x64\debug\consolepong.tlog\rc.write.1.tlog
